30:01:2024 20:50 | admin | URL=/
30:01:2024 20:50 | admin | URL=/
30:01:2024 20:50 | admin | URL=/history
30:01:2024 20:50 | admin | URL=/show-about
30:01:2024 20:50 | admin | URL=/create
30:01:2024 20:50 | admin | URL=/
30:01:2024 20:50 | admin | URL=/
30:01:2024 20:50 | admin | URL=/api/auth/token/logout
02:02:2024 18:09 | admin | URL=/
02:02:2024 18:09 | admin | URL=/accounts/login/
02:02:2024 18:09 | admin | URL=/accounts/register
02:02:2024 18:09 | admin | URL=/favicon.ico
02:02:2024 18:10 | admin | URL=/accounts/register
02:02:2024 18:14 | admin | URL=/accounts/register
02:02:2024 18:16 | admin | URL=/accounts/register
02:02:2024 18:16 | admin | URL=/accounts/login/
02:02:2024 18:16 | admin | URL=/admin/
02:02:2024 18:16 | admin | URL=/admin/posts/user/
02:02:2024 18:16 | admin | URL=/admin/jsi18n/
02:02:2024 18:16 | admin | URL=/admin/posts/user/6/change/
02:02:2024 18:16 | admin | URL=/admin/jsi18n/
02:02:2024 18:16 | admin | URL=/admin/posts/user/
02:02:2024 18:17 | admin | URL=/admin/
02:02:2024 18:17 | admin | URL=/api/auth/token/logout
02:02:2024 18:17 | admin | URL=/accounts/register
02:02:2024 18:18 | AnonymousUser | URL=/
02:02:2024 18:18 | AnonymousUser | URL=/favicon.ico
02:02:2024 18:18 | AnonymousUser | URL=/accounts/register
02:02:2024 18:19 | AnonymousUser | URL=/accounts/register
02:02:2024 18:19 | AnonymousUser | URL=/accounts/register
02:02:2024 18:21 | AnonymousUser | URL=/history
02:02:2024 18:21 | AnonymousUser | URL=/history
02:02:2024 18:21 | AnonymousUser | URL=/history
02:02:2024 18:21 | AnonymousUser | URL=/
02:02:2024 18:21 | AnonymousUser | URL=/
02:02:2024 18:21 | AnonymousUser | URL=/accounts/register
02:02:2024 18:21 | AnonymousUser | URL=/accounts/register
02:02:2024 18:30 | AnonymousUser | URL=/accounts/register
02:02:2024 18:33 | AnonymousUser | URL=/accounts/register
02:02:2024 18:33 | AnonymousUser | URL=/
02:02:2024 18:33 | AnonymousUser | URL=/accounts/register
02:02:2024 18:33 | AnonymousUser | URL=/accounts/register
02:02:2024 18:36 | AnonymousUser | URL=/
02:02:2024 18:36 | AnonymousUser | URL=/accounts/register
02:02:2024 18:36 | AnonymousUser | URL=/accounts/register
02:02:2024 18:39 | AnonymousUser | URL=/
02:02:2024 18:40 | AnonymousUser | URL=/accounts/register
02:02:2024 18:40 | AnonymousUser | URL=/accounts/register
02:02:2024 18:53 | admin | URL=/admin/
02:02:2024 18:53 | admin | URL=/admin/posts/user/
02:02:2024 18:53 | admin | URL=/admin/jsi18n/
02:02:2024 18:53 | admin | URL=/admin/posts/user/7/change/
02:02:2024 18:53 | admin | URL=/admin/jsi18n/
02:02:2024 18:53 | admin | URL=/admin/posts/user/
02:02:2024 18:54 | AnonymousUser | URL=/accounts/register
02:02:2024 18:55 | admin | URL=/admin/posts/user/
02:02:2024 18:55 | admin | URL=/admin/jsi18n/
02:02:2024 18:55 | admin | URL=/admin/posts/user/
02:02:2024 18:55 | admin | URL=/admin/jsi18n/
02:02:2024 18:55 | admin | URL=/admin/posts/user/
02:02:2024 18:55 | admin | URL=/admin/jsi18n/
02:02:2024 18:55 | AnonymousUser | URL=/
02:02:2024 18:55 | AnonymousUser | URL=/accounts/register
02:02:2024 18:56 | admin | URL=/admin/posts/user/7/change/
02:02:2024 18:56 | admin | URL=/admin/jsi18n/
02:02:2024 18:56 | admin | URL=/admin/posts/user/
02:02:2024 18:56 | admin | URL=/admin/posts/user/6/change/
02:02:2024 18:56 | admin | URL=/admin/jsi18n/
02:02:2024 18:56 | admin | URL=/admin/posts/user/
02:02:2024 18:56 | admin | URL=/admin/posts/user/
02:02:2024 18:56 | admin | URL=/admin/posts/user/
02:02:2024 18:56 | admin | URL=/admin/posts/user/
02:02:2024 18:56 | admin | URL=/admin/jsi18n/
02:02:2024 18:56 | AnonymousUser | URL=/accounts/register
02:02:2024 18:57 | AnonymousUser | URL=/accounts/register
02:02:2024 18:59 | AnonymousUser | URL=/accounts/register
02:02:2024 19:00 | AnonymousUser | URL=/accounts/register
02:02:2024 19:00 | admin | URL=/admin/posts/user/
02:02:2024 19:00 | admin | URL=/admin/jsi18n/
02:02:2024 19:00 | admin | URL=/admin/posts/user/
02:02:2024 19:00 | admin | URL=/admin/posts/user/
02:02:2024 19:00 | admin | URL=/admin/posts/user/
02:02:2024 19:00 | admin | URL=/admin/jsi18n/
02:02:2024 19:00 | AnonymousUser | URL=/accounts/register
02:02:2024 19:00 | AnonymousUser | URL=/accounts/register
02:02:2024 19:01 | AnonymousUser | URL=/
02:02:2024 19:01 | AnonymousUser | URL=/accounts/register
02:02:2024 19:01 | AnonymousUser | URL=/accounts/register
02:02:2024 19:01 | admin | URL=/admin/posts/user/
02:02:2024 19:01 | admin | URL=/admin/jsi18n/
02:02:2024 19:01 | admin | URL=/admin/posts/user/
02:02:2024 19:01 | admin | URL=/admin/posts/user/
02:02:2024 19:01 | admin | URL=/admin/posts/user/
02:02:2024 19:01 | admin | URL=/admin/jsi18n/
02:02:2024 19:02 | AnonymousUser | URL=/accounts/register
02:02:2024 19:02 | AnonymousUser | URL=/accounts/register
02:02:2024 19:02 | AnonymousUser | URL=/create
02:02:2024 19:02 | AnonymousUser | URL=/account/login?next=/create
02:02:2024 19:02 | AnonymousUser | URL=/
02:02:2024 19:02 | AnonymousUser | URL=/create
02:02:2024 19:02 | AnonymousUser | URL=/account/login?next=/create
02:02:2024 19:02 | AnonymousUser | URL=/accounts/register
02:02:2024 19:03 | AnonymousUser | URL=/accounts/register
02:02:2024 19:03 | admin | URL=/admin/posts/user/
02:02:2024 19:03 | admin | URL=/admin/jsi18n/
02:02:2024 19:04 | admin | URL=/admin/posts/user/
02:02:2024 19:04 | admin | URL=/admin/posts/user/
02:02:2024 19:04 | admin | URL=/admin/posts/user/
02:02:2024 19:04 | admin | URL=/admin/jsi18n/
02:02:2024 19:13 | AnonymousUser | URL=/
02:02:2024 19:13 | AnonymousUser | URL=/api/auth/token/login
02:02:2024 19:13 | AnonymousUser | URL=/register/
02:02:2024 19:17 | AnonymousUser | URL=/register/
02:02:2024 19:18 | AnonymousUser | URL=/register/
02:02:2024 19:18 | admin | URL=/admin/posts/user/
02:02:2024 19:18 | admin | URL=/admin/jsi18n/
02:02:2024 19:18 | AnonymousUser | URL=/register/
02:02:2024 19:18 | admin | URL=/admin/posts/user/
02:02:2024 19:18 | admin | URL=/admin/jsi18n/
02:02:2024 19:21 | AnonymousUser | URL=/register/
02:02:2024 19:21 | admin | URL=/admin/posts/user/
02:02:2024 19:21 | admin | URL=/admin/jsi18n/
02:02:2024 19:22 | admin | URL=/admin/posts/user/
02:02:2024 19:22 | admin | URL=/admin/posts/user/
02:02:2024 19:22 | admin | URL=/admin/posts/user/
02:02:2024 19:22 | admin | URL=/admin/jsi18n/
02:02:2024 19:22 | AnonymousUser | URL=/register/
02:02:2024 19:22 | AnonymousUser | URL=/api/auth/token/login
02:02:2024 19:22 | AnonymousUser | URL=/register/
02:02:2024 19:22 | AnonymousUser | URL=/register/
02:02:2024 19:22 | AnonymousUser | URL=/register/
02:02:2024 19:22 | admin | URL=/admin/posts/user/
02:02:2024 19:22 | admin | URL=/admin/jsi18n/
02:02:2024 19:22 | admin | URL=/admin/posts/user/
02:02:2024 19:22 | admin | URL=/admin/posts/user/
02:02:2024 19:22 | admin | URL=/admin/posts/user/
02:02:2024 19:22 | admin | URL=/admin/jsi18n/
02:02:2024 19:22 | admin | URL=/admin/posts/user/
02:02:2024 19:22 | admin | URL=/admin/jsi18n/
02:02:2024 19:23 | AnonymousUser | URL=/
02:02:2024 19:23 | AnonymousUser | URL=/register/
02:02:2024 19:23 | AnonymousUser | URL=/register/
02:02:2024 19:23 | AnonymousUser | URL=/api/auth/token/login
02:02:2024 19:23 | AnonymousUser | URL=/register/confirm/YXRlc3Rh/c1sb5c-e921d306e1334b7a0bfbc33867a66cd8
02:02:2024 19:23 | AnonymousUser | URL=/register/confirm/YXRlc3Rh/c1sb6r-7903f5598ba6f47871ab667775555c0a
02:02:2024 19:25 | AnonymousUser | URL=/register/confirm/YXRlc3Rh/c1sb6r-7903f5598ba6f47871ab667775555c0a
02:02:2024 19:25 | AnonymousUser | URL=/register/confirm/YXRlc3Rh/c1sb6r-7903f5598ba6f47871ab667775555c0a
02:02:2024 19:25 | AnonymousUser | URL=/register/confirm/YXRlc3Rh/c1sb6r-7903f5598ba6f47871ab667775555c0a
02:02:2024 19:26 | AnonymousUser | URL=/register/confirm/YXRlc3Rh/c1sb6r-7903f5598ba6f47871ab667775555c0a
02:02:2024 19:26 | AnonymousUser | URL=/api/auth/token/login
02:02:2024 19:26 | admin | URL=/admin/posts/user/
02:02:2024 19:26 | admin | URL=/admin/jsi18n/
02:02:2024 19:26 | AnonymousUser | URL=/accounts/login
02:02:2024 19:26 | AnonymousUser | URL=/accounts/login/
02:02:2024 19:26 | admin | URL=/admin/posts/user/14/change/
02:02:2024 19:26 | admin | URL=/admin/jsi18n/
02:02:2024 19:27 | admin | URL=/admin/posts/user/
02:02:2024 19:27 | admin | URL=/admin/posts/user/
02:02:2024 19:27 | admin | URL=/admin/posts/user/
02:02:2024 19:27 | admin | URL=/admin/posts/user/
02:02:2024 19:27 | admin | URL=/admin/jsi18n/
02:02:2024 19:27 | AnonymousUser | URL=/
02:02:2024 19:27 | AnonymousUser | URL=/register/
02:02:2024 19:28 | AnonymousUser | URL=/register/
02:02:2024 19:28 | AnonymousUser | URL=/api/auth/token/login
02:02:2024 19:28 | AnonymousUser | URL=/register/confirm/YXRlc3Rh/c1sbf8-b4368497c8244401d459b65abf21a609
02:02:2024 19:28 | AnonymousUser | URL=/api/auth/token/login
02:02:2024 19:28 | AnonymousUser | URL=/accounts/login/
02:02:2024 19:28 | AnonymousUser | URL=/api/auth/token/login
02:02:2024 19:28 | AnonymousUser | URL=/
02:02:2024 19:29 | AnonymousUser | URL=/api/auth/token/login
02:02:2024 19:29 | AnonymousUser | URL=/accounts/login/
02:02:2024 19:29 | AnonymousUser | URL=/api/auth/token/login
02:02:2024 19:29 | AnonymousUser | URL=/api/auth/token/login
02:02:2024 19:29 | admin | URL=/admin/posts/user/
02:02:2024 19:29 | admin | URL=/admin/jsi18n/
02:02:2024 19:30 | admin | URL=/admin/posts/user/15/change/
02:02:2024 19:30 | admin | URL=/admin/jsi18n/
02:02:2024 19:43 | AnonymousUser | URL=/accounts/register
02:02:2024 19:43 | AnonymousUser | URL=/accounts/register
02:02:2024 19:43 | AnonymousUser | URL=/register
02:02:2024 19:43 | AnonymousUser | URL=/register/
02:02:2024 20:12 | AnonymousUser | URL=/
02:02:2024 20:12 | AnonymousUser | URL=/reset
02:02:2024 20:12 | AnonymousUser | URL=/reset/
02:02:2024 20:13 | AnonymousUser | URL=/register/
02:02:2024 20:13 | AnonymousUser | URL=/reset/
02:02:2024 20:13 | AnonymousUser | URL=/register/
02:02:2024 20:14 | admin | URL=/admin/posts/user/
02:02:2024 20:14 | AnonymousUser | URL=/reset/
02:02:2024 20:15 | AnonymousUser | URL=/register/
02:02:2024 20:15 | admin | URL=/admin/posts/user/
02:02:2024 20:15 | admin | URL=/admin/jsi18n/
02:02:2024 20:17 | AnonymousUser | URL=/
02:02:2024 20:17 | AnonymousUser | URL=/reset/
02:02:2024 20:17 | AnonymousUser | URL=/register/
02:02:2024 20:18 | admin | URL=/admin/posts/user/
02:02:2024 20:18 | admin | URL=/admin/jsi18n/
02:02:2024 20:18 | AnonymousUser | URL=/reset/
02:02:2024 20:18 | AnonymousUser | URL=/register/
02:02:2024 20:20 | AnonymousUser | URL=/reset/
02:02:2024 20:20 | AnonymousUser | URL=/register/
04:02:2024 12:41 | AnonymousUser | URL=/
04:02:2024 12:41 | AnonymousUser | URL=/favicon.ico
04:02:2024 12:41 | AnonymousUser | URL=/reset
04:02:2024 12:41 | AnonymousUser | URL=/reset/
04:02:2024 12:42 | admin | URL=/
04:02:2024 12:42 | admin | URL=/favicon.ico
04:02:2024 12:42 | admin | URL=/accounts/login/
04:02:2024 12:42 | admin | URL=/admin/
04:02:2024 12:42 | admin | URL=/admin/posts/user/
04:02:2024 12:42 | admin | URL=/admin/jsi18n/
04:02:2024 12:42 | admin | URL=/admin/posts/user/15/change/
04:02:2024 12:42 | admin | URL=/admin/jsi18n/
04:02:2024 12:42 | AnonymousUser | URL=/register/
04:02:2024 12:43 | AnonymousUser | URL=/reset
04:02:2024 12:43 | AnonymousUser | URL=/reset/
04:02:2024 12:44 | AnonymousUser | URL=/register/
04:02:2024 12:47 | AnonymousUser | URL=/register/
04:02:2024 12:47 | AnonymousUser | URL=/register/
04:02:2024 12:47 | AnonymousUser | URL=/reset/
04:02:2024 12:47 | AnonymousUser | URL=/register/
04:02:2024 12:48 | AnonymousUser | URL=/reset/
04:02:2024 12:48 | AnonymousUser | URL=/reset/
04:02:2024 12:52 | AnonymousUser | URL=/reset/
04:02:2024 12:52 | AnonymousUser | URL=/reset/
04:02:2024 12:54 | AnonymousUser | URL=/reset/
04:02:2024 12:54 | AnonymousUser | URL=/reset/
04:02:2024 12:54 | AnonymousUser | URL=/
04:02:2024 12:54 | AnonymousUser | URL=/reset/
04:02:2024 12:54 | AnonymousUser | URL=/reset/
04:02:2024 12:56 | AnonymousUser | URL=/reset/
04:02:2024 12:56 | AnonymousUser | URL=/
04:02:2024 12:56 | AnonymousUser | URL=/reset/
04:02:2024 12:56 | AnonymousUser | URL=/reset/
04:02:2024 13:02 | AnonymousUser | URL=/
04:02:2024 13:02 | AnonymousUser | URL=/reset/
04:02:2024 13:03 | AnonymousUser | URL=/reset/
04:02:2024 13:07 | AnonymousUser | URL=/
04:02:2024 13:07 | AnonymousUser | URL=/reset/
04:02:2024 13:08 | AnonymousUser | URL=/reset/
04:02:2024 13:08 | admin | URL=/register/confirm/MTU/c1vj5o-412f489cf840dbd18466ecf2d9141923
04:02:2024 13:10 | AnonymousUser | URL=/
04:02:2024 13:10 | AnonymousUser | URL=/reset/
04:02:2024 13:11 | AnonymousUser | URL=/reset/
04:02:2024 13:11 | AnonymousUser | URL=/api/auth/token/login
04:02:2024 13:11 | AnonymousUser | URL=/register/confirm/YXRlc3Rh/c1sbf8-b4368497c8244401d459b65abf21a609
04:02:2024 13:11 | AnonymousUser | URL=/api/auth/token/login
04:02:2024 13:13 | AnonymousUser | URL=/
04:02:2024 13:13 | AnonymousUser | URL=/reset/
04:02:2024 13:13 | AnonymousUser | URL=/reset/
04:02:2024 13:13 | AnonymousUser | URL=/api/auth/token/login
04:02:2024 13:13 | AnonymousUser | URL=/reset/confirm/MTU/c1vjel-047f61ba778305068f1635538d8d60ad
04:02:2024 13:18 | AnonymousUser | URL=/
04:02:2024 13:18 | AnonymousUser | URL=/reset/
04:02:2024 13:18 | AnonymousUser | URL=/reset/
04:02:2024 13:18 | AnonymousUser | URL=/api/auth/token/login
04:02:2024 13:18 | AnonymousUser | URL=/
04:02:2024 13:19 | AnonymousUser | URL=/register/
04:02:2024 13:19 | AnonymousUser | URL=/register/
04:02:2024 13:19 | AnonymousUser | URL=/api/auth/token/login
04:02:2024 13:19 | admin | URL=/register/confirm/YXRlc3Q0/c1vjop-d21b5b0a4303be1b7d1717abe41b57a1
04:02:2024 13:19 | admin | URL=/api/auth/token/login
04:02:2024 13:20 | AnonymousUser | URL=/
04:02:2024 13:20 | AnonymousUser | URL=/reset/
04:02:2024 13:21 | AnonymousUser | URL=/reset/
04:02:2024 13:21 | AnonymousUser | URL=/api/auth/token/login
04:02:2024 13:21 | AnonymousUser | URL=/reset/confirm/YXRlc3Rh/c1vjra-66cbb6b8713daca5c9de8cba29c16fd6
04:02:2024 13:21 | AnonymousUser | URL=/api/auth/token/login
04:02:2024 13:25 | AnonymousUser | URL=/
04:02:2024 13:25 | AnonymousUser | URL=/reset/
04:02:2024 13:26 | AnonymousUser | URL=/reset/
04:02:2024 13:26 | AnonymousUser | URL=/reset/
04:02:2024 13:26 | AnonymousUser | URL=/api/auth/token/login
04:02:2024 13:26 | AnonymousUser | URL=/reset/confirm/YXRlc3Rh/c1vjzv-23b08fb076070efba2e3537b01611cd5
04:02:2024 13:26 | AnonymousUser | URL=/api/auth/token/login
04:02:2024 13:26 | AnonymousUser | URL=/api/auth/token/login
04:02:2024 13:26 | AnonymousUser | URL=/
04:02:2024 13:27 | AnonymousUser | URL=/accounts/login
04:02:2024 13:27 | AnonymousUser | URL=/accounts/login/
04:02:2024 13:27 | AnonymousUser | URL=/api/auth/token/login
04:02:2024 13:30 | AnonymousUser | URL=/
04:02:2024 13:30 | AnonymousUser | URL=/reset/
04:02:2024 13:30 | AnonymousUser | URL=/reset/
04:02:2024 13:30 | AnonymousUser | URL=/api/auth/token/login
04:02:2024 13:30 | admin | URL=/reset/confirm/YXRlc3Rh/c1vk74-aba672fdd89e7ed02f81d0fb03e392fd
04:02:2024 13:30 | admin | URL=/api/auth/token/login
